<?xml version="1.0" encoding="UTF-8"?>
<!-- Generated by org.testng.reporters.JUnitReportReporter -->
<testsuite hostname="L-156298799" failures="0" tests="1" name="utils.RequestCopyBill" time="0.000" errors="0" timestamp="2021-07-06T01:11:42 IST" skipped="1">
  <testcase classname="utils.RequestCopyBill" name="test6" time="0.000">
    <skipped/>
  </testcase> <!-- test6 -->
  <system-out/>
</testsuite> <!-- utils.RequestCopyBill -->
